<?xml version="1.0" encoding="UTF-8"?>
<!-- Generated by org.testng.reporters.JUnitReportReporter -->
<testsuite hostname="WUSSC250374-ZV8" failures="0" tests="17" name="Test.Day3" time="0.010" errors="2" timestamp="2024-11-24T11:21:56 PST" skipped="3">
  <testcase classname="Test.Day3" name="webLoginCarLoan" time="0.000">
    <error message="
Parameter &#039;URL&#039; is required by @Test on method webLoginCarLoan but has not been marked @Optional or defined
in /Users/sc250374/Desktop/GIT/TestNG/testng.xml" type="org.testng.TestNGException">
      <![CDATA[org.testng.TestNGException: 
Parameter 'URL' is required by @Test on method webLoginCarLoan but has not been marked @Optional or defined
in /Users/sc250374/Desktop/GIT/TestNG/testng.xml
at org.testng.internal.Parameters.createParams(Parameters.java:264)
at org.testng.internal.Parameters.createParametersForMethod(Parameters.java:352)
at org.testng.internal.Parameters.createParameters(Parameters.java:690)
at org.testng.internal.Parameters.handleParameters(Parameters.java:885)
at org.testng.internal.Parameters.handleParameters(Parameters.java:734)
at org.testng.internal.invokers.ParameterHandler.handleParameters(ParameterHandler.java:72)
at org.testng.internal.invokers.ParameterHandler.createParameters(ParameterHandler.java:51)
at org.testng.internal.invokers.TestInvoker$MethodInvocationAgent.invoke(TestInvoker.java:946)
at org.testng.internal.invokers.TestInvoker.invokeTestMethods(TestInvoker.java:203)
at org.testng.internal.invokers.TestMethodWorker.invokeTestMethods(TestMethodWorker.java:154)
at org.testng.internal.invokers.TestMethodWorker.run(TestMethodWorker.java:134)
at java.base/java.util.ArrayList.forEach(ArrayList.java:1511)
at org.testng.TestRunner.privateRun(TestRunner.java:739)
at org.testng.TestRunner.run(TestRunner.java:614)
at org.testng.SuiteRunner.runTest(SuiteRunner.java:421)
at org.testng.SuiteRunner$SuiteWorker.run(SuiteRunner.java:463)
at org.testng.internal.thread.ThreadUtil.lambda$execute$0(ThreadUtil.java:64)
at java.base/java.util.concurrent.FutureTask.run(FutureTask.java:264)
at java.base/java.util.concurrent.ThreadPoolExecutor.runWorker(ThreadPoolExecutor.java:1136)
at java.base/java.util.concurrent.ThreadPoolExecutor$Worker.run(ThreadPoolExecutor.java:635)
at java.base/java.lang.Thread.run(Thread.java:842)
]]>
    </error>
  </testcase> <!-- webLoginCarLoan -->
  <testcase classname="Test.Day3" name="mobileLoginCarLoan" time="0.001"/>
  <testcase classname="Test.Day3" name="loginAPICarLoan" time="0.002"/>
  <testcase classname="Test.Day3" name="mobileSignOutCarLoan" time="0.001"/>
  <testcase classname="Test.Day3" name="mobileSignOutCarLoan" time="0.000"/>
  <testcase classname="Test.Day3" name="loginAPICarLoan" time="0.000"/>
  <testcase classname="Test.Day3" name="webLoginCarLoan" time="0.000"/>
  <testcase classname="Test.Day3" name="mobileSignOutCarLoan" time="0.001"/>
  <testcase classname="Test.Day3" name="webLoginCarLoan" time="0.000">
    <error message="
Parameter &#039;URL&#039; is required by @Test on method webLoginCarLoan but has not been marked @Optional or defined
in /Users/sc250374/Desktop/GIT/TestNG/testng.xml" type="org.testng.TestNGException">
      <![CDATA[org.testng.TestNGException: 
Parameter 'URL' is required by @Test on method webLoginCarLoan but has not been marked @Optional or defined
in /Users/sc250374/Desktop/GIT/TestNG/testng.xml
at org.testng.internal.Parameters.createParams(Parameters.java:264)
at org.testng.internal.Parameters.createParametersForMethod(Parameters.java:352)
at org.testng.internal.Parameters.createParameters(Parameters.java:690)
at org.testng.internal.Parameters.handleParameters(Parameters.java:885)
at org.testng.internal.Parameters.handleParameters(Parameters.java:734)
at org.testng.internal.invokers.ParameterHandler.handleParameters(ParameterHandler.java:72)
at org.testng.internal.invokers.ParameterHandler.createParameters(ParameterHandler.java:51)
at org.testng.internal.invokers.TestInvoker$MethodInvocationAgent.invoke(TestInvoker.java:946)
at org.testng.internal.invokers.TestInvoker.invokeTestMethods(TestInvoker.java:203)
at org.testng.internal.invokers.TestMethodWorker.invokeTestMethods(TestMethodWorker.java:154)
at org.testng.internal.invokers.TestMethodWorker.run(TestMethodWorker.java:134)
at java.base/java.util.ArrayList.forEach(ArrayList.java:1511)
at org.testng.TestRunner.privateRun(TestRunner.java:739)
at org.testng.TestRunner.run(TestRunner.java:614)
at org.testng.SuiteRunner.runTest(SuiteRunner.java:421)
at org.testng.SuiteRunner$SuiteWorker.run(SuiteRunner.java:463)
at org.testng.internal.thread.ThreadUtil.lambda$execute$0(ThreadUtil.java:64)
at java.base/java.util.concurrent.FutureTask.run(FutureTask.java:264)
at java.base/java.util.concurrent.ThreadPoolExecutor.runWorker(ThreadPoolExecutor.java:1136)
at java.base/java.util.concurrent.ThreadPoolExecutor$Worker.run(ThreadPoolExecutor.java:635)
at java.base/java.lang.Thread.run(Thread.java:842)
]]>
    </error>
  </testcase> <!-- webLoginCarLoan -->
  <testcase classname="Test.Day3" name="mobileSignOutCarLoan" time="0.000"/>
  <testcase classname="Test.Day3" name="mobileLoginCarLoan" time="0.002"/>
  <testcase classname="Test.Day3" name="mobileSignOutCarLoan" time="0.001"/>
  <testcase classname="Test.Day3" name="mobileSignOutCarLoan" time="0.001"/>
  <testcase classname="Test.Day3" name="loginAPICarLoan" time="0.001"/>
  <testcase classname="Test.Day3" name="mobileSignInCarLoan">
    <skipped/>
  </testcase> <!-- mobileSignInCarLoan -->
  <testcase classname="Test.Day3" name="mobileSignInCarLoan">
    <skipped/>
  </testcase> <!-- mobileSignInCarLoan -->
  <testcase classname="Test.Day3" name="mobileSignInCarLoan">
    <skipped/>
  </testcase> <!-- mobileSignInCarLoan -->
</testsuite> <!-- Test.Day3 -->
