<?xml version="1.0" encoding="UTF-8"?>
<!-- Generated by org.testng.reporters.JUnitXMLReporter -->
<testsuite ignored="1" hostname="WUSSC250374-ZV8" failures="1" tests="12" name="Personal loan" time="0.07" errors="0" timestamp="2024-11-24T11:21:56 PST">
  <testcase classname="Test.Day1" name="demo" time="0.003"/>
  <testcase classname="Test.Day1" name="secondTest" time="0.001"/>
  <testcase classname="Test.Day2" name="loan" time="0.001"/>
  <testcase classname="Test.Day4" name="loginAPIHomeLoan" time="0.001"/>
  <testcase classname="Test.Day4" name="mobileLoginHomeLoan" time="0.0"/>
  <testcase classname="Test.Day4" name="webLoginHomeLoan" time="0.001"/>
  <testcase classname="Test.Day3" name="loginAPICarLoan" time="0.002"/>
  <testcase classname="Test.Day3" name="mobileLoginCarLoan" time="0.002"/>
  <testcase classname="Test.Day3" name="mobileSignOutCarLoan" time="0.001"/>
  <testcase classname="Test.Day3" name="mobileSignOutCarLoan" time="0.0"/>
  <testcase classname="Test.Day3" name="mobileSignOutCarLoan" time="0.001"/>
  <testcase classname="Test.Day3" name="webLoginCarLoan" time="0.0">
    <failure type="org.testng.TestNGException" message="
Parameter &amp;apos;URL&amp;apos; is required by @Test on method webLoginCarLoan but has not been marked @Optional or defined
in /Users/sc250374/Desktop/GIT/TestNG/testng.xml">
      <![CDATA[org.testng.TestNGException: 
Parameter 'URL' is required by @Test on method webLoginCarLoan but has not been marked @Optional or defined
in /Users/sc250374/Desktop/GIT/TestNG/testng.xml
at java.base/java.util.ArrayList.forEach(ArrayList.java:1511)
at java.base/java.util.concurrent.FutureTask.run(FutureTask.java:264)
at java.base/java.util.concurrent.ThreadPoolExecutor.runWorker(ThreadPoolExecutor.java:1136)
at java.base/java.util.concurrent.ThreadPoolExecutor$Worker.run(ThreadPoolExecutor.java:635)
at java.base/java.lang.Thread.run(Thread.java:842)
... Removed 16 stack frames]]>
    </failure>
  </testcase> <!-- webLoginCarLoan -->
  <testcase classname="Test.Day3" name="mobileSignInCarLoan" time="0.0">
    <ignored/>
  </testcase> <!-- mobileSignInCarLoan -->
</testsuite> <!-- Personal loan -->
